<?xml version="1.0" encoding="UTF-8"?>
<!-- Generated by org.testng.reporters.JUnitXMLReporter -->
<testsuite hostname="Prakat-L005" name="com.Dalrada.Nickandgs" tests="9" failures="9" timestamp="30 Jan 2020 09:33:34 GMT" time="0.188" errors="0">
  <testcase name="LoginTest" time="0.062" classname="com.Dalrada.Nickandgs.TC_001Reservation_001">
    <failure type="java.lang.NullPointerException">
      <![CDATA[java.lang.NullPointerException
	at org.openqa.selenium.support.pagefactory.DefaultElementLocator.findElement(DefaultElementLocator.java:69)
	at org.openqa.selenium.support.pagefactory.internal.LocatingElementHandler.invoke(LocatingElementHandler.java:38)
	at com.sun.proxy.$Proxy7.click(Unknown Source)
	at WebPages.ReserveTable.clickonreservetable(ReserveTable.java:19)
	at com.Dalrada.Nickandgs.TC_001Reservation_001.LoginTest(TC_001Reservation_001.java:21)
... Removed 25 stack frames]]>
    </failure>
  </testcase> <!-- LoginTest -->
  <testcase name="order" time="0.016" classname="com.Dalrada.Nickandgs.TC_002OrderOnline_002">
    <failure type="java.lang.NullPointerException">
      <![CDATA[java.lang.NullPointerException
	at org.openqa.selenium.support.pagefactory.DefaultElementLocator.findElement(DefaultElementLocator.java:69)
	at org.openqa.selenium.support.pagefactory.internal.LocatingElementHandler.invoke(LocatingElementHandler.java:38)
	at com.sun.proxy.$Proxy7.click(Unknown Source)
	at WebPages.OrderOnline.clickorderonline(OrderOnline.java:19)
	at com.Dalrada.Nickandgs.TC_002OrderOnline_002.order(TC_002OrderOnline_002.java:17)
... Removed 25 stack frames]]>
    </failure>
  </testcase> <!-- order -->
  <testcase name="order" time="0.0" classname="com.Dalrada.Nickandgs.TC_003Catering_003">
    <failure type="java.lang.NullPointerException">
      <![CDATA[java.lang.NullPointerException
	at org.openqa.selenium.support.pagefactory.DefaultElementLocator.findElement(DefaultElementLocator.java:69)
	at org.openqa.selenium.support.pagefactory.internal.LocatingElementHandler.invoke(LocatingElementHandler.java:38)
	at com.sun.proxy.$Proxy7.click(Unknown Source)
	at WebPages.Catering.clickcatering(Catering.java:15)
	at com.Dalrada.Nickandgs.TC_003Catering_003.order(TC_003Catering_003.java:17)
... Removed 25 stack frames]]>
    </failure>
  </testcase> <!-- order -->
  <testcase name="order" time="0.0" classname="com.Dalrada.Nickandgs.TC_004PrivateEvents_004">
    <failure type="java.lang.NullPointerException">
      <![CDATA[java.lang.NullPointerException
	at org.openqa.selenium.support.pagefactory.DefaultElementLocator.findElement(DefaultElementLocator.java:69)
	at org.openqa.selenium.support.pagefactory.internal.LocatingElementHandler.invoke(LocatingElementHandler.java:38)
	at com.sun.proxy.$Proxy7.click(Unknown Source)
	at WebPages.PrivateEvents.clickprivateevents(PrivateEvents.java:17)
	at com.Dalrada.Nickandgs.TC_004PrivateEvents_004.order(TC_004PrivateEvents_004.java:16)
... Removed 25 stack frames]]>
    </failure>
  </testcase> <!-- order -->
  <testcase name="order" time="0.016" classname="com.Dalrada.Nickandgs.TC_005ExploreMore_005">
    <failure type="java.lang.NullPointerException">
      <![CDATA[java.lang.NullPointerException
	at org.openqa.selenium.support.pagefactory.DefaultElementLocator.findElement(DefaultElementLocator.java:69)
	at org.openqa.selenium.support.pagefactory.internal.LocatingElementHandler.invoke(LocatingElementHandler.java:38)
	at com.sun.proxy.$Proxy7.click(Unknown Source)
	at WebPages.ExploreMore.clickExploremore(ExploreMore.java:19)
	at com.Dalrada.Nickandgs.TC_005ExploreMore_005.order(TC_005ExploreMore_005.java:16)
... Removed 25 stack frames]]>
    </failure>
  </testcase> <!-- order -->
  <testcase name="order" time="0.0" classname="com.Dalrada.Nickandgs.TC_006UpcomingEvents_006">
    <failure type="java.lang.NullPointerException">
      <![CDATA[java.lang.NullPointerException
	at org.openqa.selenium.support.pagefactory.DefaultElementLocator.findElement(DefaultElementLocator.java:69)
	at org.openqa.selenium.support.pagefactory.internal.LocatingElementHandler.invoke(LocatingElementHandler.java:38)
	at com.sun.proxy.$Proxy7.click(Unknown Source)
	at WebPages.UpcomingEvents.clickexlporemore(UpcomingEvents.java:16)
	at com.Dalrada.Nickandgs.TC_006UpcomingEvents_006.order(TC_006UpcomingEvents_006.java:18)
... Removed 25 stack frames]]>
    </failure>
  </testcase> <!-- order -->
  <testcase name="order" time="0.0" classname="com.Dalrada.Nickandgs.TC_007OurMenu_007">
    <failure type="java.lang.NullPointerException">
      <![CDATA[java.lang.NullPointerException
	at org.openqa.selenium.support.pagefactory.DefaultElementLocator.findElement(DefaultElementLocator.java:69)
	at org.openqa.selenium.support.pagefactory.internal.LocatingElementHandler.invoke(LocatingElementHandler.java:38)
	at com.sun.proxy.$Proxy7.click(Unknown Source)
	at WebPages.OurMenu.clickonourmenu(OurMenu.java:16)
	at com.Dalrada.Nickandgs.TC_007OurMenu_007.order(TC_007OurMenu_007.java:14)
... Removed 25 stack frames]]>
    </failure>
  </testcase> <!-- order -->
  <testcase name="Sign" time="0.016" classname="com.Dalrada.Nickandgs.TC_008SignUp_008">
    <failure type="java.lang.NullPointerException">
      <![CDATA[java.lang.NullPointerException
	at com.Dalrada.Nickandgs.TC_008SignUp_008.Sign(TC_008SignUp_008.java:16)
... Removed 25 stack frames]]>
    </failure>
  </testcase> <!-- Sign -->
  <testcase name="Sign" time="0.0" classname="com.Dalrada.Nickandgs.TC_009NGSignup_009">
    <failure type="java.lang.NullPointerException">
      <![CDATA[java.lang.NullPointerException
	at com.Dalrada.Nickandgs.TC_009NGSignup_009.Sign(TC_009NGSignup_009.java:17)
... Removed 25 stack frames]]>
    </failure>
  </testcase> <!-- Sign -->
</testsuite> <!-- com.Dalrada.Nickandgs -->
