<?xml version="1.0" encoding="UTF-8"?>
<!-- Generated by org.testng.reporters.JUnitXMLReporter -->
<testsuite hostname="Prakat-L005" name="FirefoxTest" tests="4" failures="0" timestamp="2 Mar 2020 03:40:58 GMT" time="69.163" errors="0">
  <testcase name="@BeforeClass selectBrowsers" time="0.0" classname="com.Dalrada.Nickandgs.TC_006UpcomingEvents_006">
    <failure type="org.openqa.selenium.NoSuchSessionException" message="Tried to run command without establishing a connection
Build info: version: &amp;apos;3.141.59&amp;apos;, revision: &amp;apos;e82be7d358&amp;apos;, time: &amp;apos;2018-11-14T08:17:03&amp;apos;
System info: host: &amp;apos;PRAKAT-L005&amp;apos;, ip: &amp;apos;192.168.1.87&amp;apos;, os.name: &amp;apos;Windows 10&amp;apos;, os.arch: &amp;apos;amd64&amp;apos;, os.version: &amp;apos;10.0&amp;apos;, java.version: &amp;apos;1.8.0_202&amp;apos;
Driver info: org.openqa.selenium.firefox.FirefoxDriver
Capabilities {acceptInsecureCerts: true, browserName: firefox, browserVersion: 73.0.1, javascriptEnabled: true, moz:accessibilityChecks: false, moz:buildID: 20200217142647, moz:geckodriverVersion: 0.26.0, moz:headless: false, moz:processID: 13904, moz:profile: C:\Users\Prakat-L-0005\AppD..., moz:shutdownTimeout: 60000, moz:useNonSpecCompliantPointerOrigin: false, moz:webdriverClick: true, pageLoadStrategy: normal, platform: WINDOWS, platformName: WINDOWS, platformVersion: 10.0, rotatable: false, setWindowRect: true, strictFileInteractability: false, timeouts: {implicit: 0, pageLoad: 300000, script: 30000}, unhandledPromptBehavior: dismiss and notify}
Session ID: 6757b29a-1e14-4ab3-b4d9-0d4449b507d0">
      <![CDATA[org.openqa.selenium.NoSuchSessionException: Tried to run command without establishing a connection
Build info: version: '3.141.59', revision: 'e82be7d358', time: '2018-11-14T08:17:03'
System info: host: 'PRAKAT-L005', ip: '192.168.1.87', os.name: 'Windows 10', os.arch: 'amd64', os.version: '10.0', java.version: '1.8.0_202'
Driver info: org.openqa.selenium.firefox.FirefoxDriver
Capabilities {acceptInsecureCerts: true, browserName: firefox, browserVersion: 73.0.1, javascriptEnabled: true, moz:accessibilityChecks: false, moz:buildID: 20200217142647, moz:geckodriverVersion: 0.26.0, moz:headless: false, moz:processID: 13904, moz:profile: C:\Users\Prakat-L-0005\AppD..., moz:shutdownTimeout: 60000, moz:useNonSpecCompliantPointerOrigin: false, moz:webdriverClick: true, pageLoadStrategy: normal, platform: WINDOWS, platformName: WINDOWS, platformVersion: 10.0, rotatable: false, setWindowRect: true, strictFileInteractability: false, timeouts: {implicit: 0, pageLoad: 300000, script: 30000}, unhandledPromptBehavior: dismiss and notify}
Session ID: 6757b29a-1e14-4ab3-b4d9-0d4449b507d0
	at org.openqa.selenium.remote.http.W3CHttpResponseCodec.createException(W3CHttpResponseCodec.java:187)
	at org.openqa.selenium.remote.http.W3CHttpResponseCodec.decode(W3CHttpResponseCodec.java:122)
	at org.openqa.selenium.remote.http.W3CHttpResponseCodec.decode(W3CHttpResponseCodec.java:49)
	at org.openqa.selenium.remote.HttpCommandExecutor.execute(HttpCommandExecutor.java:158)
	at org.openqa.selenium.remote.service.DriverCommandExecutor.execute(DriverCommandExecutor.java:83)
	at org.openqa.selenium.remote.RemoteWebDriver.execute(RemoteWebDriver.java:552)
	at org.openqa.selenium.remote.RemoteWebDriver.execute(RemoteWebDriver.java:609)
	at org.openqa.selenium.remote.RemoteWebDriver$RemoteWebDriverOptions$RemoteWindow.maximize(RemoteWebDriver.java:837)
	at Dalrada.Nickandgs.BaseClass.selectBrowsers(BaseClass.java:45)
	at java.util.concurrent.FutureTask.run(FutureTask.java:266)
	at java.util.concurrent.ThreadPoolExecutor.runWorker(ThreadPoolExecutor.java:1149)
	at java.util.concurrent.ThreadPoolExecutor$Worker.run(ThreadPoolExecutor.java:624)
	at java.lang.Thread.run(Thread.java:748)
... Removed 20 stack frames]]>
    </failure>
  </testcase> <!-- @BeforeClass selectBrowsers -->
  <testcase name="@AfterClass tearDown" time="0.0" classname="com.Dalrada.Nickandgs.TC_006UpcomingEvents_006">
    <skipped/>
  </testcase> <!-- @AfterClass tearDown -->
  <testcase name="@BeforeClass selectBrowsers" time="0.0" classname="com.Dalrada.Nickandgs.TC_007OurMenu_007">
    <skipped/>
  </testcase> <!-- @BeforeClass selectBrowsers -->
  <testcase name="@AfterClass tearDown" time="0.0" classname="com.Dalrada.Nickandgs.TC_007OurMenu_007">
    <skipped/>
  </testcase> <!-- @AfterClass tearDown -->
  <testcase name="@BeforeClass selectBrowsers" time="0.0" classname="com.Dalrada.Nickandgs.TC_008SignUp_008">
    <skipped/>
  </testcase> <!-- @BeforeClass selectBrowsers -->
  <testcase name="@AfterClass tearDown" time="0.0" classname="com.Dalrada.Nickandgs.TC_008SignUp_008">
    <skipped/>
  </testcase> <!-- @AfterClass tearDown -->
  <testcase name="@BeforeClass selectBrowsers" time="0.0" classname="com.Dalrada.Nickandgs.TC_009NGSignup_009">
    <skipped/>
  </testcase> <!-- @BeforeClass selectBrowsers -->
  <testcase name="@AfterClass tearDown" time="0.0" classname="com.Dalrada.Nickandgs.TC_009NGSignup_009">
    <skipped/>
  </testcase> <!-- @AfterClass tearDown -->
  <testcase name="order" time="0.008" classname="com.Dalrada.Nickandgs.TC_006UpcomingEvents_006">
    <skipped/>
  </testcase> <!-- order -->
  <testcase name="order" time="0.0" classname="com.Dalrada.Nickandgs.TC_007OurMenu_007">
    <skipped/>
  </testcase> <!-- order -->
  <testcase name="Sign" time="0.0" classname="com.Dalrada.Nickandgs.TC_008SignUp_008">
    <skipped/>
  </testcase> <!-- Sign -->
  <testcase name="Sign" time="0.0" classname="com.Dalrada.Nickandgs.TC_009NGSignup_009">
    <skipped/>
  </testcase> <!-- Sign -->
</testsuite> <!-- FirefoxTest -->
