<?xml version="1.0" encoding="UTF-8"?>
<testng-results skipped="9" failed="0" total="9" passed="0">
  <reporter-output>
  </reporter-output>
  <suite name="Suite" duration-ms="115186" started-at="2020-04-10T07:29:41Z" finished-at="2020-04-10T07:31:36Z">
    <groups>
    </groups>
    <test name="ChromeTest" duration-ms="115186" started-at="2020-04-10T07:29:41Z" finished-at="2020-04-10T07:31:36Z">
      <class name="com.Dalrada.Nickandgs.TC_001Reservation_001">
        <test-method status="FAIL" signature="selectBrowsers(java.lang.String)[pri:0, instance:com.Dalrada.Nickandgs.TC_001Reservation_001@75bd9247]" name="selectBrowsers" is-config="true" duration-ms="0" started-at="2020-04-10T12:59:41Z" finished-at="2020-04-10T12:59:41Z">
          <params>
            <param index="0">
              <value>
                <![CDATA[Chrome]]>
              </value>
            </param>
          </params>
          <exception class="org.openqa.selenium.NoSuchWindowException">
            <message>
              <![CDATA[no such window: target window already closed
from unknown error: web view not found
  (Session info: chrome=80.0.3987.163)
Build info: version: '3.141.59', revision: 'e82be7d358', time: '2018-11-14T08:17:03'
System info: host: 'PRAKAT-L005', ip: '192.168.43.120', os.name: 'Windows 10', os.arch: 'amd64', os.version: '10.0', java.version: '1.8.0_202'
Driver info: org.openqa.selenium.chrome.ChromeDriver
Capabilities {acceptInsecureCerts: false, browserName: chrome, browserVersion: 80.0.3987.163, chrome: {chromedriverVersion: 79.0.3945.36 (3582db32b3389..., userDataDir: C:\Users\PRAKAT~1\AppData\L...}, goog:chromeOptions: {debuggerAddress: localhost:56308}, javascriptEnabled: true, networkConnectionEnabled: false, pageLoadStrategy: normal, platform: WINDOWS, platformName: WINDOWS, proxy: Proxy(), setWindowRect: true, strictFileInteractability: false, timeouts: {implicit: 0, pageLoad: 300000, script: 30000}, unhandledPromptBehavior: dismiss and notify}
Session ID: bb701518f3be12dac5e789cc61bbb305]]>
            </message>
            <full-stacktrace>
              <![CDATA[org.openqa.selenium.NoSuchWindowException: no such window: target window already closed
from unknown error: web view not found
  (Session info: chrome=80.0.3987.163)
Build info: version: '3.141.59', revision: 'e82be7d358', time: '2018-11-14T08:17:03'
System info: host: 'PRAKAT-L005', ip: '192.168.43.120', os.name: 'Windows 10', os.arch: 'amd64', os.version: '10.0', java.version: '1.8.0_202'
Driver info: org.openqa.selenium.chrome.ChromeDriver
Capabilities {acceptInsecureCerts: false, browserName: chrome, browserVersion: 80.0.3987.163, chrome: {chromedriverVersion: 79.0.3945.36 (3582db32b3389..., userDataDir: C:\Users\PRAKAT~1\AppData\L...}, goog:chromeOptions: {debuggerAddress: localhost:56308}, javascriptEnabled: true, networkConnectionEnabled: false, pageLoadStrategy: normal, platform: WINDOWS, platformName: WINDOWS, proxy: Proxy(), setWindowRect: true, strictFileInteractability: false, timeouts: {implicit: 0, pageLoad: 300000, script: 30000}, unhandledPromptBehavior: dismiss and notify}
Session ID: bb701518f3be12dac5e789cc61bbb305
	at sun.reflect.NativeConstructorAccessorImpl.newInstance0(Native Method)
	at sun.reflect.NativeConstructorAccessorImpl.newInstance(NativeConstructorAccessorImpl.java:62)
	at sun.reflect.DelegatingConstructorAccessorImpl.newInstance(DelegatingConstructorAccessorImpl.java:45)
	at java.lang.reflect.Constructor.newInstance(Constructor.java:423)
	at org.openqa.selenium.remote.http.W3CHttpResponseCodec.createException(W3CHttpResponseCodec.java:187)
	at org.openqa.selenium.remote.http.W3CHttpResponseCodec.decode(W3CHttpResponseCodec.java:122)
	at org.openqa.selenium.remote.http.W3CHttpResponseCodec.decode(W3CHttpResponseCodec.java:49)
	at org.openqa.selenium.remote.HttpCommandExecutor.execute(HttpCommandExecutor.java:158)
	at org.openqa.selenium.remote.service.DriverCommandExecutor.execute(DriverCommandExecutor.java:83)
	at org.openqa.selenium.remote.RemoteWebDriver.execute(RemoteWebDriver.java:552)
	at org.openqa.selenium.remote.RemoteWebDriver.execute(RemoteWebDriver.java:609)
	at org.openqa.selenium.remote.RemoteWebDriver$RemoteWebDriverOptions$RemoteWindow.maximize(RemoteWebDriver.java:837)
	at Dalrada.Nickandgs.BaseClass.selectBrowsers(BaseClass.java:45)
	at sun.reflect.NativeMethodAccessorImpl.invoke0(Native Method)
	at sun.reflect.NativeMethodAccessorImpl.invoke(NativeMethodAccessorImpl.java:62)
	at sun.reflect.DelegatingMethodAccessorImpl.invoke(DelegatingMethodAccessorImpl.java:43)
	at java.lang.reflect.Method.invoke(Method.java:498)
	at org.testng.internal.MethodInvocationHelper.invokeMethod(MethodInvocationHelper.java:85)
	at org.testng.internal.Invoker.invokeConfigurationMethod(Invoker.java:521)
	at org.testng.internal.Invoker.invokeConfigurations(Invoker.java:213)
	at org.testng.internal.Invoker.invokeConfigurations(Invoker.java:140)
	at org.testng.internal.TestMethodWorker.invokeBeforeClassMethods(TestMethodWorker.java:170)
	at org.testng.internal.TestMethodWorker.run(TestMethodWorker.java:104)
	at org.testng.TestRunner.privateRun(TestRunner.java:771)
	at org.testng.TestRunner.run(TestRunner.java:621)
	at org.testng.SuiteRunner.runTest(SuiteRunner.java:357)
	at org.testng.SuiteRunner.access$000(SuiteRunner.java:38)
	at org.testng.SuiteRunner$SuiteWorker.run(SuiteRunner.java:391)
	at org.testng.internal.thread.ThreadUtil$2.call(ThreadUtil.java:64)
	at java.util.concurrent.FutureTask.run(FutureTask.java:266)
	at java.util.concurrent.ThreadPoolExecutor.runWorker(ThreadPoolExecutor.java:1149)
	at java.util.concurrent.ThreadPoolExecutor$Worker.run(ThreadPoolExecutor.java:624)
	at java.lang.Thread.run(Thread.java:748)
]]>
            </full-stacktrace>
          </exception> <!-- org.openqa.selenium.NoSuchWindowException -->
          <reporter-output>
          </reporter-output>
        </test-method> <!-- selectBrowsers -->
        <test-method status="SKIP" signature="LoginTest()[pri:0, instance:com.Dalrada.Nickandgs.TC_001Reservation_001@75bd9247]" name="LoginTest" duration-ms="2" started-at="2020-04-10T13:01:36Z" finished-at="2020-04-10T13:01:36Z">
          <reporter-output>
          </reporter-output>
        </test-method> <!-- LoginTest -->
        <test-method status="SKIP" signature="tearDown()[pri:0, instance:com.Dalrada.Nickandgs.TC_001Reservation_001@75bd9247]" name="tearDown" is-config="true" duration-ms="0" started-at="2020-04-10T13:01:36Z" finished-at="2020-04-10T13:01:36Z">
          <reporter-output>
          </reporter-output>
        </test-method> <!-- tearDown -->
      </class> <!-- com.Dalrada.Nickandgs.TC_001Reservation_001 -->
      <class name="com.Dalrada.Nickandgs.TC_007OurMenu_007">
        <test-method status="SKIP" signature="selectBrowsers(java.lang.String)[pri:0, instance:com.Dalrada.Nickandgs.TC_007OurMenu_007@48140564]" name="selectBrowsers" is-config="true" duration-ms="0" started-at="2020-04-10T13:01:36Z" finished-at="2020-04-10T13:01:36Z">
          <reporter-output>
          </reporter-output>
        </test-method> <!-- selectBrowsers -->
        <test-method status="SKIP" signature="order()[pri:0, instance:com.Dalrada.Nickandgs.TC_007OurMenu_007@48140564]" name="order" duration-ms="4" started-at="2020-04-10T13:01:36Z" finished-at="2020-04-10T13:01:36Z">
          <reporter-output>
          </reporter-output>
        </test-method> <!-- order -->
        <test-method status="SKIP" signature="tearDown()[pri:0, instance:com.Dalrada.Nickandgs.TC_007OurMenu_007@48140564]" name="tearDown" is-config="true" duration-ms="0" started-at="2020-04-10T13:01:36Z" finished-at="2020-04-10T13:01:36Z">
          <reporter-output>
          </reporter-output>
        </test-method> <!-- tearDown -->
      </class> <!-- com.Dalrada.Nickandgs.TC_007OurMenu_007 -->
      <class name="com.Dalrada.Nickandgs.TC_002OrderOnline_002">
        <test-method status="SKIP" signature="selectBrowsers(java.lang.String)[pri:0, instance:com.Dalrada.Nickandgs.TC_002OrderOnline_002@e580929]" name="selectBrowsers" is-config="true" duration-ms="0" started-at="2020-04-10T13:01:36Z" finished-at="2020-04-10T13:01:36Z">
          <reporter-output>
          </reporter-output>
        </test-method> <!-- selectBrowsers -->
        <test-method status="SKIP" signature="order()[pri:0, instance:com.Dalrada.Nickandgs.TC_002OrderOnline_002@e580929]" name="order" duration-ms="1" started-at="2020-04-10T13:01:36Z" finished-at="2020-04-10T13:01:36Z">
          <reporter-output>
          </reporter-output>
        </test-method> <!-- order -->
        <test-method status="SKIP" signature="tearDown()[pri:0, instance:com.Dalrada.Nickandgs.TC_002OrderOnline_002@e580929]" name="tearDown" is-config="true" duration-ms="0" started-at="2020-04-10T13:01:36Z" finished-at="2020-04-10T13:01:36Z">
          <reporter-output>
          </reporter-output>
        </test-method> <!-- tearDown -->
      </class> <!-- com.Dalrada.Nickandgs.TC_002OrderOnline_002 -->
      <class name="com.Dalrada.Nickandgs.TC_005ExploreMore_005">
        <test-method status="SKIP" signature="selectBrowsers(java.lang.String)[pri:0, instance:com.Dalrada.Nickandgs.TC_005ExploreMore_005@4c203ea1]" name="selectBrowsers" is-config="true" duration-ms="0" started-at="2020-04-10T13:01:36Z" finished-at="2020-04-10T13:01:36Z">
          <reporter-output>
          </reporter-output>
        </test-method> <!-- selectBrowsers -->
        <test-method status="SKIP" signature="order()[pri:0, instance:com.Dalrada.Nickandgs.TC_005ExploreMore_005@4c203ea1]" name="order" duration-ms="3" started-at="2020-04-10T13:01:36Z" finished-at="2020-04-10T13:01:36Z">
          <reporter-output>
          </reporter-output>
        </test-method> <!-- order -->
        <test-method status="SKIP" signature="tearDown()[pri:0, instance:com.Dalrada.Nickandgs.TC_005ExploreMore_005@4c203ea1]" name="tearDown" is-config="true" duration-ms="0" started-at="2020-04-10T13:01:36Z" finished-at="2020-04-10T13:01:36Z">
          <reporter-output>
          </reporter-output>
        </test-method> <!-- tearDown -->
      </class> <!-- com.Dalrada.Nickandgs.TC_005ExploreMore_005 -->
      <class name="com.Dalrada.Nickandgs.TC_006UpcomingEvents_006">
        <test-method status="SKIP" signature="selectBrowsers(java.lang.String)[pri:0, instance:com.Dalrada.Nickandgs.TC_006UpcomingEvents_006@27f674d]" name="selectBrowsers" is-config="true" duration-ms="0" started-at="2020-04-10T13:01:36Z" finished-at="2020-04-10T13:01:36Z">
          <reporter-output>
          </reporter-output>
        </test-method> <!-- selectBrowsers -->
        <test-method status="SKIP" signature="order()[pri:0, instance:com.Dalrada.Nickandgs.TC_006UpcomingEvents_006@27f674d]" name="order" duration-ms="2" started-at="2020-04-10T13:01:36Z" finished-at="2020-04-10T13:01:36Z">
          <reporter-output>
          </reporter-output>
        </test-method> <!-- order -->
        <test-method status="SKIP" signature="tearDown()[pri:0, instance:com.Dalrada.Nickandgs.TC_006UpcomingEvents_006@27f674d]" name="tearDown" is-config="true" duration-ms="0" started-at="2020-04-10T13:01:36Z" finished-at="2020-04-10T13:01:36Z">
          <reporter-output>
          </reporter-output>
        </test-method> <!-- tearDown -->
      </class> <!-- com.Dalrada.Nickandgs.TC_006UpcomingEvents_006 -->
      <class name="com.Dalrada.Nickandgs.TC_004PrivateEvents_004">
        <test-method status="SKIP" signature="selectBrowsers(java.lang.String)[pri:0, instance:com.Dalrada.Nickandgs.TC_004PrivateEvents_004@7c75222b]" name="selectBrowsers" is-config="true" duration-ms="0" started-at="2020-04-10T13:01:36Z" finished-at="2020-04-10T13:01:36Z">
          <reporter-output>
          </reporter-output>
        </test-method> <!-- selectBrowsers -->
        <test-method status="SKIP" signature="order()[pri:0, instance:com.Dalrada.Nickandgs.TC_004PrivateEvents_004@7c75222b]" name="order" duration-ms="0" started-at="2020-04-10T13:01:36Z" finished-at="2020-04-10T13:01:36Z">
          <reporter-output>
          </reporter-output>
        </test-method> <!-- order -->
        <test-method status="SKIP" signature="tearDown()[pri:0, instance:com.Dalrada.Nickandgs.TC_004PrivateEvents_004@7c75222b]" name="tearDown" is-config="true" duration-ms="0" started-at="2020-04-10T13:01:36Z" finished-at="2020-04-10T13:01:36Z">
          <reporter-output>
          </reporter-output>
        </test-method> <!-- tearDown -->
      </class> <!-- com.Dalrada.Nickandgs.TC_004PrivateEvents_004 -->
      <class name="com.Dalrada.Nickandgs.TC_008SignUp_008">
        <test-method status="SKIP" signature="selectBrowsers(java.lang.String)[pri:0, instance:com.Dalrada.Nickandgs.TC_008SignUp_008@58ceff1]" name="selectBrowsers" is-config="true" duration-ms="0" started-at="2020-04-10T13:01:36Z" finished-at="2020-04-10T13:01:36Z">
          <reporter-output>
          </reporter-output>
        </test-method> <!-- selectBrowsers -->
        <test-method status="SKIP" signature="Sign()[pri:0, instance:com.Dalrada.Nickandgs.TC_008SignUp_008@58ceff1]" name="Sign" duration-ms="5" started-at="2020-04-10T13:01:36Z" finished-at="2020-04-10T13:01:36Z">
          <reporter-output>
          </reporter-output>
        </test-method> <!-- Sign -->
        <test-method status="SKIP" signature="tearDown()[pri:0, instance:com.Dalrada.Nickandgs.TC_008SignUp_008@58ceff1]" name="tearDown" is-config="true" duration-ms="0" started-at="2020-04-10T13:01:36Z" finished-at="2020-04-10T13:01:36Z">
          <reporter-output>
          </reporter-output>
        </test-method> <!-- tearDown -->
      </class> <!-- com.Dalrada.Nickandgs.TC_008SignUp_008 -->
      <class name="com.Dalrada.Nickandgs.TC_003Catering_003">
        <test-method status="SKIP" signature="selectBrowsers(java.lang.String)[pri:0, instance:com.Dalrada.Nickandgs.TC_003Catering_003@1cd072a9]" name="selectBrowsers" is-config="true" duration-ms="5" started-at="2020-04-10T13:01:36Z" finished-at="2020-04-10T13:01:36Z">
          <reporter-output>
          </reporter-output>
        </test-method> <!-- selectBrowsers -->
        <test-method status="SKIP" signature="order()[pri:0, instance:com.Dalrada.Nickandgs.TC_003Catering_003@1cd072a9]" name="order" duration-ms="1" started-at="2020-04-10T13:01:36Z" finished-at="2020-04-10T13:01:36Z">
          <reporter-output>
          </reporter-output>
        </test-method> <!-- order -->
        <test-method status="SKIP" signature="tearDown()[pri:0, instance:com.Dalrada.Nickandgs.TC_003Catering_003@1cd072a9]" name="tearDown" is-config="true" duration-ms="0" started-at="2020-04-10T13:01:36Z" finished-at="2020-04-10T13:01:36Z">
          <reporter-output>
          </reporter-output>
        </test-method> <!-- tearDown -->
      </class> <!-- com.Dalrada.Nickandgs.TC_003Catering_003 -->
      <class name="com.Dalrada.Nickandgs.TC_009NGSignup_009">
        <test-method status="SKIP" signature="selectBrowsers(java.lang.String)[pri:0, instance:com.Dalrada.Nickandgs.TC_009NGSignup_009@7c30a502]" name="selectBrowsers" is-config="true" duration-ms="0" started-at="2020-04-10T13:01:36Z" finished-at="2020-04-10T13:01:36Z">
          <reporter-output>
          </reporter-output>
        </test-method> <!-- selectBrowsers -->
        <test-method status="SKIP" signature="Sign()[pri:0, instance:com.Dalrada.Nickandgs.TC_009NGSignup_009@7c30a502]" name="Sign" duration-ms="0" started-at="2020-04-10T13:01:36Z" finished-at="2020-04-10T13:01:36Z">
          <reporter-output>
          </reporter-output>
        </test-method> <!-- Sign -->
        <test-method status="SKIP" signature="tearDown()[pri:0, instance:com.Dalrada.Nickandgs.TC_009NGSignup_009@7c30a502]" name="tearDown" is-config="true" duration-ms="0" started-at="2020-04-10T13:01:36Z" finished-at="2020-04-10T13:01:36Z">
          <reporter-output>
          </reporter-output>
        </test-method> <!-- tearDown -->
      </class> <!-- com.Dalrada.Nickandgs.TC_009NGSignup_009 -->
    </test> <!-- ChromeTest -->
  </suite> <!-- Suite -->
</testng-results>
